GET -- /login -- Wed Jul 27 2016 08:38:56 GMT-1000 (HST) 
GET -- /login -- Wed Jul 27 2016 08:38:59 GMT-1000 (HST) 
GET -- /favicon.ico -- Wed Jul 27 2016 08:38:59 GMT-1000 (HST) 
POST -- /login -- Wed Jul 27 2016 08:39:06 GMT-1000 (HST) 
GET -- /login -- Wed Jul 27 2016 08:42:55 GMT-1000 (HST) 
POST -- /login -- Wed Jul 27 2016 08:42:59 GMT-1000 (HST) 
GET -- /login -- Wed Jul 27 2016 08:42:59 GMT-1000 (HST) 
GET -- /gallery -- Wed Jul 27 2016 08:51:13 GMT-1000 (HST) 
GET -- /login -- Wed Jul 27 2016 08:51:14 GMT-1000 (HST) 
GET -- /glash -- Wed Jul 27 2016 08:51:14 GMT-1000 (HST) 
GET -- /flash -- Wed Jul 27 2016 08:51:19 GMT-1000 (HST) 
GET -- /flash -- Wed Jul 27 2016 08:51:26 GMT-1000 (HST) 
GET -- /login -- Wed Jul 27 2016 09:02:47 GMT-1000 (HST) 
GET -- /login -- Wed Jul 27 2016 09:02:48 GMT-1000 (HST) 
POST -- /login -- Wed Jul 27 2016 09:02:54 GMT-1000 (HST) 
GET -- /login -- Wed Jul 27 2016 09:02:54 GMT-1000 (HST) 
GET -- /login -- Wed Jul 27 2016 09:06:46 GMT-1000 (HST) 
POST -- /login -- Wed Jul 27 2016 09:06:51 GMT-1000 (HST) 
GET -- /login -- Wed Jul 27 2016 09:06:51 GMT-1000 (HST) 
GET -- /flash -- Wed Jul 27 2016 09:09:42 GMT-1000 (HST) 
GET -- /login -- Wed Jul 27 2016 09:13:22 GMT-1000 (HST) 
GET -- /login -- Wed Jul 27 2016 09:13:22 GMT-1000 (HST) 
POST -- /login -- Wed Jul 27 2016 09:13:29 GMT-1000 (HST) 
GET -- /login -- Wed Jul 27 2016 09:13:29 GMT-1000 (HST) 
POST -- /login -- Wed Jul 27 2016 09:13:35 GMT-1000 (HST) 
GET -- /login -- Wed Jul 27 2016 09:13:35 GMT-1000 (HST) 
POST -- /login -- Wed Jul 27 2016 09:13:40 GMT-1000 (HST) 
GET -- /gallery -- Wed Jul 27 2016 09:13:41 GMT-1000 (HST) 
GET -- /login -- Wed Jul 27 2016 09:13:47 GMT-1000 (HST) 
POST -- /login -- Wed Jul 27 2016 09:13:51 GMT-1000 (HST) 
GET -- /login -- Wed Jul 27 2016 09:13:51 GMT-1000 (HST) 
GET -- /flash -- Wed Jul 27 2016 09:18:45 GMT-1000 (HST) 
GET -- /flash -- Wed Jul 27 2016 09:18:49 GMT-1000 (HST) 
GET -- /flash -- Wed Jul 27 2016 09:18:49 GMT-1000 (HST) 
GET -- /gallery -- Wed Jul 27 2016 09:18:58 GMT-1000 (HST) 
GET -- /login -- Wed Jul 27 2016 09:18:58 GMT-1000 (HST) 
GET -- /flash -- Wed Jul 27 2016 09:19:00 GMT-1000 (HST) 
GET -- /flash -- Wed Jul 27 2016 09:19:00 GMT-1000 (HST) 
GET -- /flash -- Wed Jul 27 2016 09:19:11 GMT-1000 (HST) 
