GET -- /gallery -- Tue Jul 26 2016 16:36:33 GMT-1000 (HST) 
GET -- /register -- Tue Jul 26 2016 16:40:03 GMT-1000 (HST) 
POST -- /register -- Tue Jul 26 2016 16:40:15 GMT-1000 (HST) 
GET -- /register -- Tue Jul 26 2016 16:42:54 GMT-1000 (HST) 
POST -- /register -- Tue Jul 26 2016 17:00:54 GMT-1000 (HST) 
POST -- /register -- Tue Jul 26 2016 17:00:56 GMT-1000 (HST) 
GET -- /register -- Tue Jul 26 2016 17:03:23 GMT-1000 (HST) 
POST -- /register -- Tue Jul 26 2016 17:03:30 GMT-1000 (HST) 
POST -- /register -- Tue Jul 26 2016 17:05:30 GMT-1000 (HST) 
GET -- /gallery -- Tue Jul 26 2016 17:55:14 GMT-1000 (HST) 
GET -- /login -- Tue Jul 26 2016 17:55:14 GMT-1000 (HST) 
GET -- /favicon.ico -- Tue Jul 26 2016 17:55:15 GMT-1000 (HST) 
GET -- /register -- Tue Jul 26 2016 17:55:18 GMT-1000 (HST) 
POST -- /register -- Tue Jul 26 2016 17:55:47 GMT-1000 (HST) 
GET -- /register -- Tue Jul 26 2016 17:56:36 GMT-1000 (HST) 
POST -- /register -- Tue Jul 26 2016 17:56:46 GMT-1000 (HST) 
GET -- /register -- Tue Jul 26 2016 17:58:49 GMT-1000 (HST) 
POST -- /register -- Tue Jul 26 2016 17:58:57 GMT-1000 (HST) 
GET -- /register -- Tue Jul 26 2016 17:59:56 GMT-1000 (HST) 
POST -- /register -- Tue Jul 26 2016 18:00:02 GMT-1000 (HST) 
GET -- /register -- Tue Jul 26 2016 18:02:30 GMT-1000 (HST) 
POST -- /register -- Tue Jul 26 2016 18:02:39 GMT-1000 (HST) 
GET -- /register -- Tue Jul 26 2016 18:04:23 GMT-1000 (HST) 
POST -- /register -- Tue Jul 26 2016 18:04:34 GMT-1000 (HST) 
GET -- /register -- Tue Jul 26 2016 18:05:00 GMT-1000 (HST) 
POST -- /register -- Tue Jul 26 2016 18:05:04 GMT-1000 (HST) 
GET -- /register -- Tue Jul 26 2016 18:06:16 GMT-1000 (HST) 
POST -- /register -- Tue Jul 26 2016 18:06:23 GMT-1000 (HST) 
GET -- /register -- Tue Jul 26 2016 18:09:06 GMT-1000 (HST) 
POST -- /register -- Tue Jul 26 2016 18:09:12 GMT-1000 (HST) 
POST -- /register -- Tue Jul 26 2016 18:11:12 GMT-1000 (HST) 
POST -- /register -- Tue Jul 26 2016 18:11:57 GMT-1000 (HST) 
GET -- /register -- Tue Jul 26 2016 18:14:57 GMT-1000 (HST) 
POST -- /register -- Tue Jul 26 2016 18:15:02 GMT-1000 (HST) 
GET -- /login -- Tue Jul 26 2016 18:26:18 GMT-1000 (HST) 
GET -- /login -- Tue Jul 26 2016 18:26:19 GMT-1000 (HST) 
POST -- /login -- Tue Jul 26 2016 18:26:25 GMT-1000 (HST) 
GET -- /login -- Tue Jul 26 2016 18:27:19 GMT-1000 (HST) 
GET -- /register -- Tue Jul 26 2016 18:33:14 GMT-1000 (HST) 
POST -- /register -- Tue Jul 26 2016 18:33:20 GMT-1000 (HST) 
GET -- /login -- Tue Jul 26 2016 18:33:31 GMT-1000 (HST) 
POST -- /login -- Tue Jul 26 2016 18:33:35 GMT-1000 (HST) 
GET -- /login -- Tue Jul 26 2016 18:33:35 GMT-1000 (HST) 
POST -- /login -- Tue Jul 26 2016 18:34:46 GMT-1000 (HST) 
GET -- /login -- Tue Jul 26 2016 18:34:46 GMT-1000 (HST) 
POST -- /login -- Tue Jul 26 2016 18:35:47 GMT-1000 (HST) 
GET -- /login -- Tue Jul 26 2016 18:35:47 GMT-1000 (HST) 
GET -- /logout -- Tue Jul 26 2016 18:36:10 GMT-1000 (HST) 
GET -- /login -- Tue Jul 26 2016 18:36:10 GMT-1000 (HST) 
POST -- /login -- Tue Jul 26 2016 18:36:14 GMT-1000 (HST) 
GET -- /login -- Tue Jul 26 2016 18:36:14 GMT-1000 (HST) 
POST -- /login -- Tue Jul 26 2016 18:37:51 GMT-1000 (HST) 
GET -- /login -- Tue Jul 26 2016 18:37:51 GMT-1000 (HST) 
POST -- /login -- Tue Jul 26 2016 18:38:44 GMT-1000 (HST) 
GET -- /login -- Tue Jul 26 2016 18:38:44 GMT-1000 (HST) 
POST -- /login -- Tue Jul 26 2016 18:40:10 GMT-1000 (HST) 
GET -- /login -- Tue Jul 26 2016 18:42:15 GMT-1000 (HST) 
POST -- /login -- Tue Jul 26 2016 18:42:23 GMT-1000 (HST) 
GET -- /gallery -- Tue Jul 26 2016 18:42:23 GMT-1000 (HST) 
GET -- /logout -- Tue Jul 26 2016 18:42:42 GMT-1000 (HST) 
GET -- /login -- Tue Jul 26 2016 18:42:42 GMT-1000 (HST) 
GET -- /register -- Tue Jul 26 2016 18:42:56 GMT-1000 (HST) 
POST -- /register -- Tue Jul 26 2016 18:43:04 GMT-1000 (HST) 
GET -- /register -- Tue Jul 26 2016 18:43:19 GMT-1000 (HST) 
GET -- /login -- Tue Jul 26 2016 18:43:21 GMT-1000 (HST) 
POST -- /login -- Tue Jul 26 2016 18:43:29 GMT-1000 (HST) 
GET -- /login -- Tue Jul 26 2016 18:43:29 GMT-1000 (HST) 
POST -- /login -- Tue Jul 26 2016 18:43:42 GMT-1000 (HST) 
GET -- /gallery -- Tue Jul 26 2016 18:43:42 GMT-1000 (HST) 
GET -- /gallery/3 -- Tue Jul 26 2016 18:44:09 GMT-1000 (HST) 
GET -- /login -- Tue Jul 26 2016 18:44:09 GMT-1000 (HST) 
POST -- /login -- Tue Jul 26 2016 18:44:16 GMT-1000 (HST) 
GET -- /login -- Tue Jul 26 2016 18:44:16 GMT-1000 (HST) 
POST -- /login -- Tue Jul 26 2016 18:44:26 GMT-1000 (HST) 
GET -- /gallery -- Tue Jul 26 2016 18:44:26 GMT-1000 (HST) 
GET -- /gallery/6 -- Tue Jul 26 2016 18:44:29 GMT-1000 (HST) 
GET -- /gallery/undefined -- Tue Jul 26 2016 18:44:30 GMT-1000 (HST) 
GET -- /gallery/undefined -- Tue Jul 26 2016 18:44:33 GMT-1000 (HST) 
GET -- /gallery/undefined -- Tue Jul 26 2016 18:44:33 GMT-1000 (HST) 
GET -- /gallery/undefined -- Tue Jul 26 2016 18:44:34 GMT-1000 (HST) 
GET -- /gallery/undefined -- Tue Jul 26 2016 18:44:34 GMT-1000 (HST) 
GET -- /gallery/undefined -- Tue Jul 26 2016 18:44:35 GMT-1000 (HST) 
GET -- /gallery/undefined -- Tue Jul 26 2016 18:44:37 GMT-1000 (HST) 
GET -- /gallery/undefined -- Tue Jul 26 2016 18:44:37 GMT-1000 (HST) 
GET -- /gallery/undefined -- Tue Jul 26 2016 18:44:37 GMT-1000 (HST) 
GET -- /gallery/undefined -- Tue Jul 26 2016 18:44:38 GMT-1000 (HST) 
GET -- /gallery/undefined -- Tue Jul 26 2016 18:44:38 GMT-1000 (HST) 
GET -- /gallery/undefined -- Tue Jul 26 2016 18:44:38 GMT-1000 (HST) 
GET -- /gallery/undefined -- Tue Jul 26 2016 18:44:39 GMT-1000 (HST) 
GET -- /gallery/undefined -- Tue Jul 26 2016 18:44:39 GMT-1000 (HST) 
GET -- /gallery/undefined -- Tue Jul 26 2016 18:44:39 GMT-1000 (HST) 
